open source     > level 1, order 1, name '/Users/andrewnguyen/Applications/context/tex/texmf-context/tex/context/base/mkiv/cont-yes.mkiv'
system          > 
system          > ConTeXt  ver: 2017.01.17 17:37 MKIV beta  fmt: 2017.1.23  int: english/english
system          > 
system          > 'cont-new.mkiv' loaded
open source     > level 2, order 2, name '/Users/andrewnguyen/Applications/context/tex/texmf-context/tex/context/base/mkiv/cont-new.mkiv'
close source    > level 2, order 2, name '/Users/andrewnguyen/Applications/context/tex/texmf-context/tex/context/base/mkiv/cont-new.mkiv'
system          > files > jobname 'resume', input './resume', result 'resume'
fonts           > latin modern fonts are not preloaded
languages       > language 'en' is active
open source     > level 2, order 3, name '/Users/andrewnguyen/zScience/Professional_development/adnguyen.github.io/CV/resume.tex'
colors          > defining > unknown library 'hex'
open source     > level 3, order 4, name '/Users/andrewnguyen/Applications/context/tex/texmf-context/tex/context/fonts/mkiv/type-imp-texgyre.mkiv'
close source    > level 3, order 4, name '/Users/andrewnguyen/Applications/context/tex/texmf-context/tex/context/fonts/mkiv/type-imp-texgyre.mkiv'
structure       > sectioning > section @ level 3 : 0.0.1 -> Andrew D. Nguyen
floatblocks     > '1' placed
structure       > sectioning > subsection @ level 4 : 0.0.1.1 -> Research Interests
structure       > sectioning > subsection @ level 4 : 0.0.1.2 -> Education
structure       > sectioning > subsection @ level 4 : 0.0.1.3 -> Awards and Grants
structure       > sectioning > subsection @ level 4 : 0.0.1.4 -> Publications
backend         > xmp > using file '/Users/andrewnguyen/Applications/context/tex/texmf-context/tex/context/base/mkiv/lpdf-pdx.xml'
pages           > flushing realpage 1, userpage 1, subpage 1
structure       > sectioning > subsection @ level 4 : 0.0.1.5 -> Research Experience
structure       > sectioning > subsection @ level 4 : 0.0.1.6 -> Skills
structure       > sectioning > subsection @ level 4 : 0.0.1.7 -> External Reviewer
structure       > sectioning > subsection @ level 4 : 0.0.1.8 -> Research Presentations
pages           > flushing realpage 2, userpage 2
floatblocks     > '2' placed
structure       > sectioning > subsection @ level 4 : 0.0.1.9 -> Organizational Membership
structure       > sectioning > subsection @ level 4 : 0.0.1.10 -> Teaching Experience
pages           > flushing realpage 3, userpage 3
structure       > sectioning > subsection @ level 4 : 0.0.1.11 -> Mentoring
structure       > sectioning > subsection @ level 4 : 0.0.1.12 -> Outreach

Overfull \hbox (40.95952pt too wide) in paragraph at lines 5--27
[]\3>helvetica-11pt-tt-tf-0--0 Aided in communicating and demonstrating ant collecting to high school students 

\hbox(11.62027+4.51897)x483.69687, direction TLT
.\localpar
..\localinterlinepenalty=0
..\localbrokenpenalty=0
..\localleftbox=null
..\localrightbox=null
.\hbox(11.62027+4.51897)x0.0, direction TLT
.\3>helvetica-11pt-tt-tf-0--0 A
.\3>helvetica-11pt-tt-tf-0--0 i
.\3>helvetica-11pt-tt-tf-0--0 d
.etc.

pages           > flushing realpage 4, userpage 4
close source    > level 2, order 4, name '/Users/andrewnguyen/zScience/Professional_development/adnguyen.github.io/CV/resume.tex'
close source    > level 1, order 4, name '/Users/andrewnguyen/Applications/context/tex/texmf-context/tex/context/base/mkiv/cont-yes.mkiv'

system          > structure > start used structure

used structure  > text: resume

system          > structure > stop used structure


system          > files > start used files

used file       >    1: filename=cont-yes.mkiv filetype=tex foundname=/Users/andrewnguyen/Applications/context/tex/texmf-context/tex/context/base/mkiv/cont-yes.mkiv usedmethod=database
used file       >    2: filename=publ-imp-default.lua filetype=lua foundname=/Users/andrewnguyen/Applications/context/tex/texmf-context/tex/context/base/mkiv/publ-imp-default.lua usedmethod=database
used file       >    3: filename=cont-new.mkiv filetype=tex foundname=/Users/andrewnguyen/Applications/context/tex/texmf-context/tex/context/base/mkiv/cont-new.mkiv usedmethod=database
used file       >    4: filename=lang-us.lua filetype=lua foundname=/Users/andrewnguyen/Applications/context/tex/texmf-context/tex/context/patterns/mkiv/lang-us.lua usedmethod=database
used file       >    5: filename=/Users/andrewnguyen/zScience/Professional_development/adnguyen.github.io/CV/resume.tex foundname=/Users/andrewnguyen/zScience/Professional_development/adnguyen.github.io/CV/resume.tex usedmethod=direct
used file       >    6: filename=type-imp-texgyre.mkiv filetype=tex foundname=/Users/andrewnguyen/Applications/context/tex/texmf-context/tex/context/fonts/mkiv/type-imp-texgyre.mkiv usedmethod=database
used file       >    7: filename=lm.lfg filetype=tex foundname=/Users/andrewnguyen/Applications/context/tex/texmf-context/tex/context/fonts/mkiv/lm.lfg usedmethod=database
used file       >    8: filename=texgyreheros-regular filetype=otf format=otf foundname=/Users/andrewnguyen/Applications/context/tex/texmf/fonts/opentype/public/tex-gyre/texgyreheros-regular.otf usedmethod=database
used file       >    9: filename=latinmodern-math.otf filetype=opentypefonts foundname=/Users/andrewnguyen/Applications/context/tex/texmf/fonts/opentype/public/lm-math/latinmodern-math.otf usedmethod=database
used file       >   10: filename=texgyreheros-bold filetype=otf format=otf foundname=/Users/andrewnguyen/Applications/context/tex/texmf/fonts/opentype/public/tex-gyre/texgyreheros-bold.otf usedmethod=database
used file       >   11: filename=about_big.jpg format=tex foundname=about_big.jpg usedmethod=direct
used file       >   12: filename=texgyreheros-italic filetype=otf format=otf foundname=/Users/andrewnguyen/Applications/context/tex/texmf/fonts/opentype/public/tex-gyre/texgyreheros-italic.otf usedmethod=database
used file       >   13: filename=lpdf-pdx.xml filetype=tex foundname=/Users/andrewnguyen/Applications/context/tex/texmf-context/tex/context/base/mkiv/lpdf-pdx.xml usedmethod=database
used file       >   14: filename=texgyreheros-bolditalic filetype=otf format=otf foundname=/Users/andrewnguyen/Applications/context/tex/texmf/fonts/opentype/public/tex-gyre/texgyreheros-bolditalic.otf usedmethod=database
used file       >   15: filename=lmmono10-regular filetype=otf format=otf foundname=/Users/andrewnguyen/Applications/context/tex/texmf/fonts/opentype/public/lm/lmmono10-regular.otf usedmethod=database

system          > files > stop used files


system          > options > start commandline options

used option     > currentrun="2"
used option     > fulljobname="./resume.tex"
used option     > input="./resume.tex"
used option     > kindofrun="2"
used option     > maxnofruns="9"
used option     > no-parse-first-line="true"

system          > options > stop commandline options

system          > options > start commandline files

used file       >    1: ./resume.tex

system          > options > stop commandline files


mkiv lua stats  > used config file: selfautoparent:/texmf/web2c/texmfcnf.lua
mkiv lua stats  > used cache path: readable: '/Users/andrewnguyen/Applications/context/tex/texmf-cache/luatex-cache/context/5fe67e0bfe781ce0dde776fb1556f32e' | readable+writable: '/var/folders/s6/w7hjkkmd6zg9rt0152bhx8br0000gn/T/luatex-cache/context/5fe67e0bfe781ce0dde776fb1556f32e'
mkiv lua stats  > resource resolver: loadtime 0.012 seconds, 0 scans with scantime 0.000 seconds, 0 shared scans, 15 found files, scanned paths: <none>
mkiv lua stats  > stored bytecode data: 401 modules (0.404 sec), 88 tables (0.023 sec), 489 chunks (0.427 sec)
mkiv lua stats  > traced context: maxstack: 1220, freed: 1, unreachable: 1219
mkiv lua stats  > cleaned up reserved nodes: 59 nodes, 9 lists of 447
mkiv lua stats  > node memory usage: 13 glue, 2 penalty, 34 attribute, 161 glue_spec, 10 attribute_list, 2 temp, 2 user_defined
mkiv lua stats  > node list callback tasks: 6 unique task lists, 7 instances (re)created, 657 calls
mkiv lua stats  > h-node processing time: 0.057 seconds including kernel
mkiv lua stats  > used backend: pdf (backend for directly generating pdf output)
mkiv lua stats  > jobdata time: 0.004 seconds saving, 0.001 seconds loading
mkiv lua stats  > callbacks: 1335 direct, 902 indirect, 2237 total
mkiv lua stats  > randomizer: resumed with value 0.9159714686293
mkiv lua stats  > loaded patterns: en::2, load time: 0.000
mkiv lua stats  > interactive elements: 2 references, 23 destinations
mkiv lua stats  > result saved in file: resume.pdf, compresslevel 3, objectcompresslevel 3
mkiv lua stats  > loaded fonts: 6 files: latinmodern-math.otf, lmmono10-regular.otf, texgyreheros-bold.otf, texgyreheros-bolditalic.otf, texgyreheros-italic.otf, texgyreheros-regular.otf
mkiv lua stats  > font engine: otf 3.027, afm 1.512, tfm 1.000, 12 instances, 4 shared in backend, 0 common vectors, 4 common hashes, load time 0.337 seconds 
mkiv lua stats  > graphics processing time: 0.001 seconds including tex, 1 processed images, 1 unique asked, 0 bad names
mkiv lua stats  > pdf annotations: 2 links (2 unique), 0 special
mkiv lua stats  > used platform: osx-64, type: unix, binary subtree: texmf-osx-64
mkiv lua stats  > luatex banner: this is luatex, version 1.0.0 (tex live 2017/dev)
mkiv lua stats  > control sequences: 45262 of 65536 + 100000
mkiv lua stats  > lua properties: engine: lua, used memory: 86 MB (ctx: 86 MB), hash type: lua, hash chars: min(64,40), symbol mask: utf (τεχ)
mkiv lua stats  > runtime: 1.236 seconds, 4 processed pages, 4 shipped pages, 3.236 pages/second

